<?xml version="1.0" encoding="UTF-8"?>
<!-- Generated by org.testng.reporters.JUnitXMLReporter -->
<testsuite ignored="4" hostname="LAPTOP-CED8IJSV" failures="0" tests="2" name="Test" time="0.093" errors="0" timestamp="2022-07-18T10:21:11 IST">
  <testcase classname="org.hms.practise.BaseClassPractice" name="@BeforeMethod beforeMethod" time="-1.658119871714E9">
    <failure type="org.testng.TestNGException" message="
Parameter &amp;apos;browser&amp;apos; is required by BeforeMethod on method beforeMethod but has not been marked @Optional or defined
in C:\Users\Richard William\eclipse-workspace\Selenium Workspace\SDET36L1_SELENIUMFRAMEWORKHMS\testngParallelExecution.xml">
      <![CDATA[org.testng.TestNGException: 
Parameter 'browser' is required by BeforeMethod on method beforeMethod but has not been marked @Optional or defined
in C:\Users\Richard William\eclipse-workspace\Selenium Workspace\SDET36L1_SELENIUMFRAMEWORKHMS\testngParallelExecution.xml
at java.base/java.util.ArrayList.forEach(ArrayList.java:1511)
at java.base/java.util.concurrent.FutureTask.run(FutureTask.java:264)
at java.base/java.util.concurrent.ThreadPoolExecutor.runWorker(ThreadPoolExecutor.java:1130)
at java.base/java.util.concurrent.ThreadPoolExecutor$Worker.run(ThreadPoolExecutor.java:630)
at java.base/java.lang.Thread.run(Thread.java:831)
... Removed 18 stack frames]]>
    </failure>
  </testcase> <!-- @BeforeMethod beforeMethod -->
  <testcase classname="org.hms.practise.BaseClassPractice" name="@AfterMethod afterMethod" time="0.0">
    <skipped/>
  </testcase> <!-- @AfterMethod afterMethod -->
  <testcase classname="org.hms.practise.BaseClassPractice" name="@AfterClass afterClass" time="0.0">
    <skipped/>
  </testcase> <!-- @AfterClass afterClass -->
  <testcase classname="org.hms.practise.BaseClassPractice" name="@BeforeMethod beforeMethod" time="-1.65811987174E9">
    <failure type="org.testng.TestNGException" message="
Parameter &amp;apos;browser&amp;apos; is required by BeforeMethod on method beforeMethod but has not been marked @Optional or defined
in C:\Users\Richard William\eclipse-workspace\Selenium Workspace\SDET36L1_SELENIUMFRAMEWORKHMS\testngParallelExecution.xml">
      <![CDATA[org.testng.TestNGException: 
Parameter 'browser' is required by BeforeMethod on method beforeMethod but has not been marked @Optional or defined
in C:\Users\Richard William\eclipse-workspace\Selenium Workspace\SDET36L1_SELENIUMFRAMEWORKHMS\testngParallelExecution.xml
at java.base/java.util.ArrayList.forEach(ArrayList.java:1511)
at java.base/java.util.concurrent.FutureTask.run(FutureTask.java:264)
at java.base/java.util.concurrent.ThreadPoolExecutor.runWorker(ThreadPoolExecutor.java:1130)
at java.base/java.util.concurrent.ThreadPoolExecutor$Worker.run(ThreadPoolExecutor.java:630)
at java.base/java.lang.Thread.run(Thread.java:831)
... Removed 18 stack frames]]>
    </failure>
  </testcase> <!-- @BeforeMethod beforeMethod -->
  <testcase classname="org.hms.practise.BaseClassPractice" name="@AfterMethod afterMethod" time="0.0">
    <skipped/>
  </testcase> <!-- @AfterMethod afterMethod -->
  <testcase classname="org.hms.practise.BaseClassPractice" name="@AfterClass afterClass" time="0.0">
    <skipped/>
  </testcase> <!-- @AfterClass afterClass -->
  <testcase classname="org.hms.practise.PracticeParallelExecutionEx2" name="secondMethod" time="0.0">
    <skipped/>
  </testcase> <!-- secondMethod -->
  <testcase classname="org.hms.practise.PracticeParallelExecution" name="firstMethod" time="0.0">
    <skipped/>
  </testcase> <!-- firstMethod -->
  <testcase classname="org.hms.practise.BaseClassPractice" name="@BeforeSuite beforeSuit" time="0.0">
    <ignored/>
  </testcase> <!-- @BeforeSuite beforeSuit -->
  <testcase classname="org.hms.practise.BaseClassPractice" name="@BeforeTest beforeTest" time="0.0">
    <ignored/>
  </testcase> <!-- @BeforeTest beforeTest -->
  <testcase classname="org.hms.practise.BaseClassPractice" name="@AfterTest afterTest" time="0.0">
    <ignored/>
  </testcase> <!-- @AfterTest afterTest -->
  <testcase classname="org.hms.practise.BaseClassPractice" name="@AfterSuite afterSuite" time="0.0">
    <ignored/>
  </testcase> <!-- @AfterSuite afterSuite -->
</testsuite> <!-- Test -->
